[debug] [2020-10-02T18:55:50.307Z] ----------------------------------------------------------------------
[debug] [2020-10-02T18:55:50.313Z] Command:       /usr/bin/node /usr/local/bin/firebase init
[debug] [2020-10-02T18:55:50.314Z] CLI Version:   8.11.2
[debug] [2020-10-02T18:55:50.314Z] Platform:      linux
[debug] [2020-10-02T18:55:50.314Z] Node Version:  v10.19.0
[debug] [2020-10-02T18:55:50.315Z] Time:          Fri Oct 02 2020 12:55:50 GMT-0600 (hora estándar central)
[debug] [2020-10-02T18:55:50.315Z] ----------------------------------------------------------------------
[debug] [2020-10-02T18:55:50.315Z] 
[debug] [2020-10-02T18:55:50.328Z] > command requires scopes: ["email","openid","https://www.googleapis.com/auth/cloudplatformprojects.readonly","https://www.googleapis.com/auth/firebase","https://www.googleapis.com/auth/cloud-platform"]
[debug] [2020-10-02T18:55:50.329Z] > authorizing via signed-in user
[info] 
     ######## #### ########  ######## ########     ###     ######  ########
     ##        ##  ##     ## ##       ##     ##  ##   ##  ##       ##
     ######    ##  ########  ######   ########  #########  ######  ######
     ##        ##  ##    ##  ##       ##     ## ##     ##       ## ##
     ##       #### ##     ## ######## ########  ##     ##  ######  ########

You're about to initialize a Firebase project in this directory:

  /home/angelh98-sys/Documentos/UDB/Ciclo02-20/desafio2dps

Before we get started, keep in mind:

  * You are initializing in an existing Firebase project directory

[info] 
=== Project Setup
[info] 
[info] First, let's associate this project directory with a Firebase project.
[info] You can create multiple project aliases by running firebase use --add, 
[info] but for now we'll just set up a default project.
[info] 
[info] i  .firebaserc already has a default project, using desafio2dps. 
[debug] [2020-10-02T18:56:16.933Z] >>> HTTP REQUEST GET https://firebase.googleapis.com/v1beta1/projects/desafio2dps  
 
[debug] [2020-10-02T18:56:17.595Z] <<< HTTP RESPONSE 200 {"content-type":"application/json; charset=UTF-8","vary":"X-Origin, Referer, Origin,Accept-Encoding","date":"Fri, 02 Oct 2020 18:56:17 GMT","server":"ESF","cache-control":"private","x-xss-protection":"0","x-frame-options":"SAMEORIGIN","x-content-type-options":"nosniff","alt-svc":"h3-Q050=\":443\"; ma=2592000,h3-29=\":443\"; ma=2592000,h3-27=\":443\"; ma=2592000,h3-T051=\":443\"; ma=2592000,h3-T050=\":443\"; ma=2592000,h3-Q046=\":443\"; ma=2592000,h3-Q043=\":443\"; ma=2592000,quic=\":443\"; ma=2592000; v=\"46,43\"","accept-ranges":"none","transfer-encoding":"chunked"}
[info] 
=== Hosting Setup
[info] 
[info] Your public directory is the folder (relative to your project directory) that
[info] will contain Hosting assets to be uploaded with firebase deploy. If you
[info] have a build process for your assets, use your build's output directory.
[info] 
[debug] [2020-10-02T18:56:36.208Z] >>> HTTP REQUEST GET https://www.gstatic.com/firebasejs/releases.json  
 
[debug] [2020-10-02T18:56:36.508Z] <<< HTTP RESPONSE 200 {"accept-ranges":"bytes","vary":"Accept-Encoding, Origin","content-type":"application/json","content-length":"1429","date":"Fri, 02 Oct 2020 18:42:01 GMT","expires":"Fri, 02 Oct 2020 19:32:01 GMT","last-modified":"Thu, 01 Oct 2020 20:48:41 GMT","x-content-type-options":"nosniff","server":"sffe","x-xss-protection":"0","cache-control":"public, max-age=3000","age":"875","alt-svc":"h3-Q050=\":443\"; ma=2592000,h3-29=\":443\"; ma=2592000,h3-27=\":443\"; ma=2592000,h3-T051=\":443\"; ma=2592000,h3-T050=\":443\"; ma=2592000,h3-Q046=\":443\"; ma=2592000,h3-Q043=\":443\"; ma=2592000,quic=\":443\"; ma=2592000; v=\"46,43\""}
[info] i  Skipping write of dist/desafio2dps/index.html 
[info] 
[info] i  Writing configuration info to firebase.json... 
[debug] [2020-10-02T18:56:38.472Z] Error: EACCES: permission denied, open '/home/angelh98-sys/Documentos/UDB/Ciclo02-20/desafio2dps/firebase.json'
    at Object.openSync (fs.js:443:3)
    at Object.writeFileSync (fs.js:1194:35)
    at Config.writeProjectFile (/usr/local/lib/node_modules/firebase-tools/lib/config.js:156:8)
    at /usr/local/lib/node_modules/firebase-tools/lib/commands/init.js:140:16
    at process._tickCallback (internal/process/next_tick.js:68:7)
[error] 
[error] Error: An unexpected error has occurred.
